[debug] > Exec(early(addDefaultCommands), None, None)
[debug] > Exec(addDefaultCommands, None, None)
[debug] > Exec(early(initialize), None, None)
[debug] > Exec(initialize, None, None)
[debug] > Exec(boot, None, None)
[debug] > Exec(writeSbtVersion, None, None)
[debug] > Exec(reload, None, None)
[debug] > Exec(sbtStashOnFailure, None, None)
[debug] > Exec(onFailure loadFailed, None, None)
[debug] > Exec(loadp, None, None)
[info] welcome to sbt 1.6.1 (Amazon.com Inc. Java 1.8.0_322)
[debug] Load.defaultLoad until apply took 1204.63269ms
[debug]           Load.loadUnit: plugins took 319.271383ms
[debug]           Load.loadUnit: defsScala took 2.293108ms
[debug] [Loading] Scanning directory /home/knoldus/Downloads/KUPHOF/project
[debug] [Loading] Found non-root projects 
[debug] [Loading] Done in /home/knoldus/Downloads/KUPHOF/project, returning: ()
[debug] deducing auto plugins based on known facts Set(Atom(sbt.plugins.CorePlugin)) and clauses Clauses(Clause(Atom(sbt.plugins.JvmPlugin),Set(Atom(sbt.plugins.IvyPlugin)))
[debug] Clause(Atom(sbt.ScriptedPlugin),Set(Atom(sbt.plugins.JvmPlugin)))
[debug] Clause(Atom(sbt.plugins.SbtPlugin),Set(Atom(sbt.ScriptedPlugin)))
[debug] Clause(Atom(sbt.plugins.SemanticdbPlugin),Set(Atom(sbt.plugins.JvmPlugin)))
[debug] Clause(Atom(sbt.plugins.JUnitXmlReportPlugin),Set(Atom(sbt.plugins.JvmPlugin)))
[debug] Clause(Atom(sbt.plugins.MiniDependencyTreePlugin),Set(Atom(sbt.plugins.JvmPlugin)))
[debug] Clause(Atom(sbt.plugins.CorePlugin),Set(Atom(sbt.plugins.IvyPlugin)))
[debug] Clause(Atom(sbt.plugins.IvyPlugin),Set(Atom(sbt.plugins.JvmPlugin)))
[debug] Clause(Atom(sbt.plugins.JvmPlugin),Set(Atom(sbt.plugins.SemanticdbPlugin)))
[debug] Clause(Atom(sbt.plugins.JvmPlugin),Set(Atom(sbt.plugins.JUnitXmlReportPlugin)))
[debug] Clause(Atom(sbt.plugins.CorePlugin),Set(Atom(sbt.plugins.Giter8TemplatePlugin)))
[debug] Clause(Atom(sbt.plugins.JvmPlugin),Set(Atom(sbt.plugins.MiniDependencyTreePlugin))))
[debug]   :: deduced result: Matched(sbt.plugins.CorePlugin,sbt.plugins.Giter8TemplatePlugin,sbt.plugins.IvyPlugin,sbt.plugins.JvmPlugin,sbt.plugins.MiniDependencyTreePlugin,sbt.plugins.JUnitXmlReportPlugin,sbt.plugins.SemanticdbPlugin)
[debug] Plugins.deducer#function took 462.067167 ms
[debug]               Load.resolveProject(kuphof-build) took 236.186786ms
[debug]             Load.loadTransitive: finalizeProject(Project(id kuphof-build, base: /home/knoldus/Downloads/KUPHOF/project, plugins: List(<none>))) took 824.618701ms
[debug] [Loading] Done in /home/knoldus/Downloads/KUPHOF/project, returning: (kuphof-build)
[debug]           Load.loadUnit: loadedProjectsRaw took 930.289443ms
[debug]           Load.loadUnit: cleanEvalClasses took 1.021498ms
[debug]         Load.loadUnit(file:/home/knoldus/Downloads/KUPHOF/project/, ...) took 1290.06659ms
[debug]       Load.apply: load took 1808.682506ms
[debug]       Load.apply: resolveProjects took 28.787304ms
[debug]       Load.apply: finalTransforms took 233.310316ms
[debug]       Load.apply: config.delegates took 31.831062ms
[debug]       Load.apply: Def.make(settings)... took 1438.41978ms
[debug]       Load.apply: structureIndex took 331.340514ms
[debug]       Load.apply: mkStreams took 5.466859ms
[info] loading project definition from /home/knoldus/Downloads/KUPHOF/project
[debug] Running task... Cancel: Signal, check cycles: false, forcegc: true
[debug]     Load.loadUnit: plugins took 8706.268931ms
[debug]     Load.loadUnit: defsScala took 0.006138ms
[debug] [Loading] Scanning directory /home/knoldus/Downloads/KUPHOF
[debug]       Load.loadUnit: mkEval took 25.387776ms
[debug] [Loading] Found non-root projects 
[debug] [Loading] Done in /home/knoldus/Downloads/KUPHOF, returning: ()
[debug] deducing auto plugins based on known facts Set(Atom(sbt.plugins.CorePlugin)) and clauses Clauses(Clause(Atom(sbt.plugins.JvmPlugin),Set(Atom(sbt.plugins.IvyPlugin)))
[debug] Clause(Atom(sbt.ScriptedPlugin),Set(Atom(sbt.plugins.JvmPlugin)))
[debug] Clause(Atom(sbt.plugins.SbtPlugin),Set(Atom(sbt.ScriptedPlugin)))
[debug] Clause(Atom(sbt.plugins.SemanticdbPlugin),Set(Atom(sbt.plugins.JvmPlugin)))
[debug] Clause(Atom(sbt.plugins.JUnitXmlReportPlugin),Set(Atom(sbt.plugins.JvmPlugin)))
[debug] Clause(Atom(sbt.plugins.MiniDependencyTreePlugin),Set(Atom(sbt.plugins.JvmPlugin)))
[debug] Clause(Atom(sbt.plugins.CorePlugin),Set(Atom(sbt.plugins.IvyPlugin)))
[debug] Clause(Atom(sbt.plugins.IvyPlugin),Set(Atom(sbt.plugins.JvmPlugin)))
[debug] Clause(Atom(sbt.plugins.JvmPlugin),Set(Atom(sbt.plugins.SemanticdbPlugin)))
[debug] Clause(Atom(sbt.plugins.JvmPlugin),Set(Atom(sbt.plugins.JUnitXmlReportPlugin)))
[debug] Clause(Atom(sbt.plugins.CorePlugin),Set(Atom(sbt.plugins.Giter8TemplatePlugin)))
[debug] Clause(Atom(sbt.plugins.JvmPlugin),Set(Atom(sbt.plugins.MiniDependencyTreePlugin))))
[debug]   :: deduced result: Matched(sbt.plugins.CorePlugin,sbt.plugins.Giter8TemplatePlugin,sbt.plugins.IvyPlugin,sbt.plugins.JvmPlugin,sbt.plugins.MiniDependencyTreePlugin,sbt.plugins.JUnitXmlReportPlugin,sbt.plugins.SemanticdbPlugin)
[debug] Plugins.deducer#function took 2.868243 ms
[info] loading settings for project kuphof from build.sbt ...
[debug]         Load.resolveProject(kuphof) took 12.290004ms
[debug]       Load.loadTransitive: finalizeProject(Project(id kuphof, base: /home/knoldus/Downloads/KUPHOF, plugins: List(<none>))) took 15.993031ms
[debug] [Loading] Done in /home/knoldus/Downloads/KUPHOF, returning: (kuphof)
[debug]     Load.loadUnit: loadedProjectsRaw took 6810.049805ms
[debug]     Load.loadUnit: cleanEvalClasses took 15.117109ms
[debug]   Load.loadUnit(file:/home/knoldus/Downloads/KUPHOF/, ...) took 15534.027933ms
[debug] Load.apply: load took 15643.865811ms
[debug] Load.apply: resolveProjects took 0.232558ms
[debug] Load.apply: finalTransforms took 35.33022ms
[debug] Load.apply: config.delegates took 0.582521ms
[debug] Load.apply: Def.make(settings)... took 245.688064ms
[debug] Load.apply: structureIndex took 62.46595ms
[debug] Load.apply: mkStreams took 0.003543ms
[info] set current project to KupHofAssignment (in build file:/home/knoldus/Downloads/KUPHOF/)
[debug] > Exec(sbtPopOnFailure, None, None)
[debug] > Exec(resumeFromFailure, None, None)
[debug] > Exec(notifyUsersAboutShell, None, None)
[debug] > Exec(iflast shell, None, None)
[debug] > Exec(shell, None, None)
[info] sbt server started at local:///home/knoldus/.sbt/1.0/server/34da32b005e126d38e94/sock
[debug] Writing bsp connection file
[info] started sbt server
